# JRE version: Java(TM) SE Runtime Environment (8.0_201-b09) (build 1.8.0_201-b09)
# Java VM: Java HotSpot(TM) 64-Bit Server VM (25.201-b09 mixed mode windows-amd64 compressed oops)
Heap:
 PSYoungGen      total 213504K, used 20091K [0x000000076eb00000, 0x000000077e200000, 0x00000007c0000000)
  eden space 179200K, 0% used [0x000000076eb00000,0x000000076eb00000,0x0000000779a00000)
  from space 34304K, 58% used [0x000000077c080000,0x000000077d41ec88,0x000000077e200000)
  to   space 36864K, 0% used [0x0000000779a00000,0x0000000779a00000,0x000000077be00000)
 ParOldGen       total 121344K, used 57657K [0x00000006cc000000, 0x00000006d3680000, 0x000000076eb00000)
  object space 121344K, 47% used [0x00000006cc000000,0x00000006cf84e438,0x00000006d3680000)
 Metaspace       used 27403K, capacity 28046K, committed 28416K, reserved 1075200K
  class space    used 3252K, capacity 3460K, committed 3584K, reserved 1048576K
GC Heap History (10 events):
Event: 3.466 GC heap after
Heap after GC invocations=3 (full 0):
 PSYoungGen      total 72704K, used 10228K [0x000000076eb00000, 0x0000000777900000, 0x00000007c0000000)
  eden space 62464K, 0% used [0x000000076eb00000,0x000000076eb00000,0x0000000772800000)
  from space 10240K, 99% used [0x0000000772800000,0x00000007731fd110,0x0000000773200000)
  to   space 10240K, 0% used [0x0000000776f00000,0x0000000776f00000,0x0000000777900000)
 ParOldGen       total 166912K, used 680K [0x00000006cc000000, 0x00000006d6300000, 0x000000076eb00000)
  object space 166912K, 0% used [0x00000006cc000000,0x00000006cc0aa2e8,0x00000006d6300000)
 Metaspace       used 19907K, capacity 20244K, committed 20480K, reserved 1067008K
  class space    used 2446K, capacity 2550K, committed 2560K, reserved 1048576K
}
Event: 3.927 GC heap before
{Heap before GC invocations=4 (full 0):
 PSYoungGen      total 72704K, used 66633K [0x000000076eb00000, 0x0000000777900000, 0x00000007c0000000)
  eden space 62464K, 90% used [0x000000076eb00000,0x00000007722154c8,0x0000000772800000)
  from space 10240K, 99% used [0x0000000772800000,0x00000007731fd110,0x0000000773200000)
  to   space 10240K, 0% used [0x0000000776f00000,0x0000000776f00000,0x0000000777900000)
 ParOldGen       total 166912K, used 680K [0x00000006cc000000, 0x00000006d6300000, 0x000000076eb00000)
  object space 166912K, 0% used [0x00000006cc000000,0x00000006cc0aa2e8,0x00000006d6300000)
 Metaspace       used 20832K, capacity 21172K, committed 21296K, reserved 1069056K
  class space    used 2533K, capacity 2646K, committed 2688K, reserved 1048576K
Event: 4.013 GC heap after
Heap after GC invocations=4 (full 0):
 PSYoungGen      total 135168K, used 10224K [0x000000076eb00000, 0x0000000777900000, 0x00000007c0000000)
  eden space 124928K, 0% used [0x000000076eb00000,0x000000076eb00000,0x0000000776500000)
  from space 10240K, 99% used [0x0000000776f00000,0x00000007778fc050,0x0000000777900000)
  to   space 10240K, 0% used [0x0000000776500000,0x0000000776500000,0x0000000776f00000)
 ParOldGen       total 166912K, used 9504K [0x00000006cc000000, 0x00000006d6300000, 0x000000076eb00000)
  object space 166912K, 5% used [0x00000006cc000000,0x00000006cc9482b0,0x00000006d6300000)
 Metaspace       used 20832K, capacity 21172K, committed 21296K, reserved 1069056K
  class space    used 2533K, capacity 2646K, committed 2688K, reserved 1048576K
}
Event: 4.013 GC heap before
{Heap before GC invocations=5 (full 1):
 PSYoungGen      total 135168K, used 10224K [0x000000076eb00000, 0x0000000777900000, 0x00000007c0000000)
  eden space 124928K, 0% used [0x000000076eb00000,0x000000076eb00000,0x0000000776500000)
  from space 10240K, 99% used [0x0000000776f00000,0x00000007778fc050,0x0000000777900000)
  to   space 10240K, 0% used [0x0000000776500000,0x0000000776500000,0x0000000776f00000)
 ParOldGen       total 166912K, used 9504K [0x00000006cc000000, 0x00000006d6300000, 0x000000076eb00000)
  object space 166912K, 5% used [0x00000006cc000000,0x00000006cc9482b0,0x00000006d6300000)
 Metaspace       used 20832K, capacity 21172K, committed 21296K, reserved 1069056K
  class space    used 2533K, capacity 2646K, committed 2688K, reserved 1048576K
Event: 4.259 GC heap after
Heap after GC invocations=5 (full 1):
 PSYoungGen      total 135168K, used 0K [0x000000076eb00000, 0x0000000777900000, 0x00000007c0000000)
  eden space 124928K, 0% used [0x000000076eb00000,0x000000076eb00000,0x0000000776500000)
  from space 10240K, 0% used [0x0000000776f00000,0x0000000776f00000,0x0000000777900000)
  to   space 10240K, 0% used [0x0000000776500000,0x0000000776500000,0x0000000776f00000)
 ParOldGen       total 121344K, used 18932K [0x00000006cc000000, 0x00000006d3680000, 0x000000076eb00000)
  object space 121344K, 15% used [0x00000006cc000000,0x00000006cd27d1a8,0x00000006d3680000)
 Metaspace       used 20832K, capacity 21172K, committed 21296K, reserved 1069056K
  class space    used 2533K, capacity 2646K, committed 2688K, reserved 1048576K
}
Event: 6.438 GC heap before
{Heap before GC invocations=6 (full 1):
 PSYoungGen      total 135168K, used 122257K [0x000000076eb00000, 0x0000000777900000, 0x00000007c0000000)
  eden space 124928K, 97% used [0x000000076eb00000,0x00000007762646f0,0x0000000776500000)
  from space 10240K, 0% used [0x0000000776f00000,0x0000000776f00000,0x0000000777900000)
  to   space 10240K, 0% used [0x0000000776500000,0x0000000776500000,0x0000000776f00000)
 ParOldGen       total 121344K, used 23815K [0x00000006cc000000, 0x00000006d3680000, 0x000000076eb00000)
  object space 121344K, 19% used [0x00000006cc000000,0x00000006cd741cf8,0x00000006d3680000)
 Metaspace       used 27361K, capacity 28046K, committed 28416K, reserved 1075200K
  class space    used 3251K, capacity 3460K, committed 3584K, reserved 1048576K
Event: 6.465 GC heap after
Heap after GC invocations=6 (full 1):
 PSYoungGen      total 135168K, used 10238K [0x000000076eb00000, 0x000000077e700000, 0x00000007c0000000)
  eden space 124928K, 0% used [0x000000076eb00000,0x000000076eb00000,0x0000000776500000)
  from space 10240K, 99% used [0x0000000776500000,0x0000000776effb28,0x0000000776f00000)
  to   space 39424K, 0% used [0x000000077c080000,0x000000077c080000,0x000000077e700000)
 ParOldGen       total 121344K, used 57649K [0x00000006cc000000, 0x00000006d3680000, 0x000000076eb00000)
  object space 121344K, 47% used [0x00000006cc000000,0x00000006cf84c438,0x00000006d3680000)
 Metaspace       used 27361K, capacity 28046K, committed 28416K, reserved 1075200K
  class space    used 3251K, capacity 3460K, committed 3584K, reserved 1048576K
}
Event: 6.867 GC heap before
{Heap before GC invocations=7 (full 1):
 PSYoungGen      total 135168K, used 20030K [0x000000076eb00000, 0x000000077e700000, 0x00000007c0000000)
  eden space 124928K, 7% used [0x000000076eb00000,0x000000076f48fd88,0x0000000776500000)
  from space 10240K, 99% used [0x0000000776500000,0x0000000776effb28,0x0000000776f00000)
  to   space 39424K, 0% used [0x000000077c080000,0x000000077c080000,0x000000077e700000)
 ParOldGen       total 121344K, used 57649K [0x00000006cc000000, 0x00000006d3680000, 0x000000076eb00000)
  object space 121344K, 47% used [0x00000006cc000000,0x00000006cf84c438,0x00000006d3680000)
 Metaspace       used 27403K, capacity 28046K, committed 28416K, reserved 1075200K
  class space    used 3252K, capacity 3460K, committed 3584K, reserved 1048576K
Event: 6.939 GC heap after
Heap after GC invocations=7 (full 1):
 PSYoungGen      total 213504K, used 20091K [0x000000076eb00000, 0x000000077e200000, 0x00000007c0000000)
  eden space 179200K, 0% used [0x000000076eb00000,0x000000076eb00000,0x0000000779a00000)
  from space 34304K, 58% used [0x000000077c080000,0x000000077d41ec88,0x000000077e200000)
  to   space 36864K, 0% used [0x0000000779a00000,0x0000000779a00000,0x000000077be00000)
 ParOldGen       total 121344K, used 57657K [0x00000006cc000000, 0x00000006d3680000, 0x000000076eb00000)
  object space 121344K, 47% used [0x00000006cc000000,0x00000006cf84e438,0x00000006d3680000)
 Metaspace       used 27403K, capacity 28046K, committed 28416K, reserved 1075200K
  class space    used 3252K, capacity 3460K, committed 3584K, reserved 1048576K
}
Event: 6.939 GC heap before
{Heap before GC invocations=8 (full 2):
 PSYoungGen      total 213504K, used 20091K [0x000000076eb00000, 0x000000077e200000, 0x00000007c0000000)
  eden space 179200K, 0% used [0x000000076eb00000,0x000000076eb00000,0x0000000779a00000)
  from space 34304K, 58% used [0x000000077c080000,0x000000077d41ec88,0x000000077e200000)
  to   space 36864K, 0% used [0x0000000779a00000,0x0000000779a00000,0x000000077be00000)
 ParOldGen       total 121344K, used 57657K [0x00000006cc000000, 0x00000006d3680000, 0x000000076eb00000)
  object space 121344K, 47% used [0x00000006cc000000,0x00000006cf84e438,0x00000006d3680000)
 Metaspace       used 27403K, capacity 28046K, committed 28416K, reserved 1075200K
  class space    used 3252K, capacity 3460K, committed 3584K, reserved 1048576K

