# JRE version: Java(TM) SE Runtime Environment (8.0_201-b09) (build 1.8.0_201-b09)
# Java VM: Java HotSpot(TM) 64-Bit Server VM (25.201-b09 mixed mode windows-amd64 compressed oops)
Heap:
 PSYoungGen      total 135168K, used 53337K [0x000000076eb00000, 0x0000000777900000, 0x00000007c0000000)
  eden space 124928K, 34% used [0x000000076eb00000,0x00000007715a9628,0x0000000776500000)
  from space 10240K, 94% used [0x0000000776f00000,0x000000077786d120,0x0000000777900000)
  to   space 10240K, 0% used [0x0000000776500000,0x0000000776500000,0x0000000776f00000)
 ParOldGen       total 166912K, used 24K [0x00000006cc000000, 0x00000006d6300000, 0x000000076eb00000)
  object space 166912K, 0% used [0x00000006cc000000,0x00000006cc006000,0x00000006d6300000)
 Metaspace       used 16359K, capacity 16696K, committed 17024K, reserved 1064960K
  class space    used 1969K, capacity 2094K, committed 2176K, reserved 1048576K
GC Heap History (4 events):
Event: 1.329 GC heap before
{Heap before GC invocations=1 (full 0):
 PSYoungGen      total 72704K, used 62464K [0x000000076eb00000, 0x0000000773c00000, 0x00000007c0000000)
  eden space 62464K, 100% used [0x000000076eb00000,0x0000000772800000,0x0000000772800000)
  from space 10240K, 0% used [0x0000000773200000,0x0000000773200000,0x0000000773c00000)
  to   space 10240K, 0% used [0x0000000772800000,0x0000000772800000,0x0000000773200000)
 ParOldGen       total 166912K, used 0K [0x00000006cc000000, 0x00000006d6300000, 0x000000076eb00000)
  object space 166912K, 0% used [0x00000006cc000000,0x00000006cc000000,0x00000006d6300000)
 Metaspace       used 10864K, capacity 11042K, committed 11264K, reserved 1058816K
  class space    used 1366K, capacity 1447K, committed 1536K, reserved 1048576K
Event: 1.343 GC heap after
Heap after GC invocations=1 (full 0):
 PSYoungGen      total 72704K, used 8540K [0x000000076eb00000, 0x0000000777900000, 0x00000007c0000000)
  eden space 62464K, 0% used [0x000000076eb00000,0x000000076eb00000,0x0000000772800000)
  from space 10240K, 83% used [0x0000000772800000,0x0000000773057398,0x0000000773200000)
  to   space 10240K, 0% used [0x0000000776f00000,0x0000000776f00000,0x0000000777900000)
 ParOldGen       total 166912K, used 8K [0x00000006cc000000, 0x00000006d6300000, 0x000000076eb00000)
  object space 166912K, 0% used [0x00000006cc000000,0x00000006cc002000,0x00000006d6300000)
 Metaspace       used 10864K, capacity 11042K, committed 11264K, reserved 1058816K
  class space    used 1366K, capacity 1447K, committed 1536K, reserved 1048576K
}
Event: 2.976 GC heap before
{Heap before GC invocations=2 (full 0):
 PSYoungGen      total 72704K, used 71004K [0x000000076eb00000, 0x0000000777900000, 0x00000007c0000000)
  eden space 62464K, 100% used [0x000000076eb00000,0x0000000772800000,0x0000000772800000)
  from space 10240K, 83% used [0x0000000772800000,0x0000000773057398,0x0000000773200000)
  to   space 10240K, 0% used [0x0000000776f00000,0x0000000776f00000,0x0000000777900000)
 ParOldGen       total 166912K, used 8K [0x00000006cc000000, 0x00000006d6300000, 0x000000076eb00000)
  object space 166912K, 0% used [0x00000006cc000000,0x00000006cc002000,0x00000006d6300000)
 Metaspace       used 15289K, capacity 15600K, committed 15872K, reserved 1062912K
  class space    used 1869K, capacity 1982K, committed 2048K, reserved 1048576K
Event: 3.040 GC heap after
Heap after GC invocations=2 (full 0):
 PSYoungGen      total 135168K, used 9652K [0x000000076eb00000, 0x0000000777900000, 0x00000007c0000000)
  eden space 124928K, 0% used [0x000000076eb00000,0x000000076eb00000,0x0000000776500000)
  from space 10240K, 94% used [0x0000000776f00000,0x000000077786d120,0x0000000777900000)
  to   space 10240K, 0% used [0x0000000776500000,0x0000000776500000,0x0000000776f00000)
 ParOldGen       total 166912K, used 24K [0x00000006cc000000, 0x00000006d6300000, 0x000000076eb00000)
  object space 166912K, 0% used [0x00000006cc000000,0x00000006cc006000,0x00000006d6300000)
 Metaspace       used 15289K, capacity 15600K, committed 15872K, reserved 1062912K
  class space    used 1869K, capacity 1982K, committed 2048K, reserved 1048576K
}

