# JRE version: Java(TM) SE Runtime Environment (8.0_201-b09) (build 1.8.0_201-b09)
# Java VM: Java HotSpot(TM) 64-Bit Server VM (25.201-b09 mixed mode windows-amd64 compressed oops)
Heap:
 PSYoungGen      total 204288K, used 10238K [0x000000076eb00000, 0x000000077e980000, 0x00000007c0000000)
  eden space 194048K, 0% used [0x000000076eb00000,0x000000076eb00000,0x000000077a880000)
  from space 10240K, 99% used [0x000000077df00000,0x000000077e8ffb28,0x000000077e900000)
  to   space 512K, 0% used [0x000000077e900000,0x000000077e900000,0x000000077e980000)
 ParOldGen       total 117248K, used 63803K [0x00000006cc000000, 0x00000006d3280000, 0x000000076eb00000)
  object space 117248K, 54% used [0x00000006cc000000,0x00000006cfe4efa0,0x00000006d3280000)
 Metaspace       used 27471K, capacity 28162K, committed 28416K, reserved 1075200K
  class space    used 3249K, capacity 3460K, committed 3584K, reserved 1048576K
GC Heap History (10 events):
Event: 2.860 GC heap after
Heap after GC invocations=2 (full 0):
 PSYoungGen      total 135168K, used 9652K [0x000000076eb00000, 0x0000000777900000, 0x00000007c0000000)
  eden space 124928K, 0% used [0x000000076eb00000,0x000000076eb00000,0x0000000776500000)
  from space 10240K, 94% used [0x0000000776f00000,0x000000077786d140,0x0000000777900000)
  to   space 10240K, 0% used [0x0000000776500000,0x0000000776500000,0x0000000776f00000)
 ParOldGen       total 166912K, used 24K [0x00000006cc000000, 0x00000006d6300000, 0x000000076eb00000)
  object space 166912K, 0% used [0x00000006cc000000,0x00000006cc006000,0x00000006d6300000)
 Metaspace       used 15380K, capacity 15724K, committed 15872K, reserved 1062912K
  class space    used 1869K, capacity 1982K, committed 2048K, reserved 1048576K
}
Event: 4.102 GC heap before
{Heap before GC invocations=3 (full 0):
 PSYoungGen      total 135168K, used 125585K [0x000000076eb00000, 0x0000000777900000, 0x00000007c0000000)
  eden space 124928K, 92% used [0x000000076eb00000,0x0000000775c37580,0x0000000776500000)
  from space 10240K, 94% used [0x0000000776f00000,0x000000077786d140,0x0000000777900000)
  to   space 10240K, 0% used [0x0000000776500000,0x0000000776500000,0x0000000776f00000)
 ParOldGen       total 166912K, used 24K [0x00000006cc000000, 0x00000006d6300000, 0x000000076eb00000)
  object space 166912K, 0% used [0x00000006cc000000,0x00000006cc006000,0x00000006d6300000)
 Metaspace       used 20833K, capacity 21160K, committed 21296K, reserved 1069056K
  class space    used 2529K, capacity 2646K, committed 2688K, reserved 1048576K
Event: 4.174 GC heap after
Heap after GC invocations=3 (full 0):
 PSYoungGen      total 135168K, used 10212K [0x000000076eb00000, 0x000000077f300000, 0x00000007c0000000)
  eden space 124928K, 0% used [0x000000076eb00000,0x000000076eb00000,0x0000000776500000)
  from space 10240K, 99% used [0x0000000776500000,0x0000000776ef9348,0x0000000776f00000)
  to   space 10240K, 0% used [0x000000077e900000,0x000000077e900000,0x000000077f300000)
 ParOldGen       total 166912K, used 9946K [0x00000006cc000000, 0x00000006d6300000, 0x000000076eb00000)
  object space 166912K, 5% used [0x00000006cc000000,0x00000006cc9b6888,0x00000006d6300000)
 Metaspace       used 20833K, capacity 21160K, committed 21296K, reserved 1069056K
  class space    used 2529K, capacity 2646K, committed 2688K, reserved 1048576K
}
Event: 4.175 GC heap before
{Heap before GC invocations=4 (full 1):
 PSYoungGen      total 135168K, used 10212K [0x000000076eb00000, 0x000000077f300000, 0x00000007c0000000)
  eden space 124928K, 0% used [0x000000076eb00000,0x000000076eb00000,0x0000000776500000)
  from space 10240K, 99% used [0x0000000776500000,0x0000000776ef9348,0x0000000776f00000)
  to   space 10240K, 0% used [0x000000077e900000,0x000000077e900000,0x000000077f300000)
 ParOldGen       total 166912K, used 9946K [0x00000006cc000000, 0x00000006d6300000, 0x000000076eb00000)
  object space 166912K, 5% used [0x00000006cc000000,0x00000006cc9b6888,0x00000006d6300000)
 Metaspace       used 20833K, capacity 21160K, committed 21296K, reserved 1069056K
  class space    used 2529K, capacity 2646K, committed 2688K, reserved 1048576K
Event: 4.332 GC heap after
Heap after GC invocations=4 (full 1):
 PSYoungGen      total 135168K, used 0K [0x000000076eb00000, 0x000000077f300000, 0x00000007c0000000)
  eden space 124928K, 0% used [0x000000076eb00000,0x000000076eb00000,0x0000000776500000)
  from space 10240K, 0% used [0x0000000776500000,0x0000000776500000,0x0000000776f00000)
  to   space 10240K, 0% used [0x000000077e900000,0x000000077e900000,0x000000077f300000)
 ParOldGen       total 117248K, used 19893K [0x00000006cc000000, 0x00000006d3280000, 0x000000076eb00000)
  object space 117248K, 16% used [0x00000006cc000000,0x00000006cd36d678,0x00000006d3280000)
 Metaspace       used 20833K, capacity 21160K, committed 21296K, reserved 1069056K
  class space    used 2529K, capacity 2646K, committed 2688K, reserved 1048576K
}
Event: 6.356 GC heap before
{Heap before GC invocations=5 (full 1):
 PSYoungGen      total 135168K, used 122993K [0x000000076eb00000, 0x000000077f300000, 0x00000007c0000000)
  eden space 124928K, 98% used [0x000000076eb00000,0x000000077631c620,0x0000000776500000)
  from space 10240K, 0% used [0x0000000776500000,0x0000000776500000,0x0000000776f00000)
  to   space 10240K, 0% used [0x000000077e900000,0x000000077e900000,0x000000077f300000)
 ParOldGen       total 117248K, used 24776K [0x00000006cc000000, 0x00000006d3280000, 0x000000076eb00000)
  object space 117248K, 21% used [0x00000006cc000000,0x00000006cd8321c8,0x00000006d3280000)
 Metaspace       used 27430K, capacity 28034K, committed 28416K, reserved 1075200K
  class space    used 3248K, capacity 3460K, committed 3584K, reserved 1048576K
Event: 6.377 GC heap after
Heap after GC invocations=5 (full 1):
 PSYoungGen      total 204288K, used 10213K [0x000000076eb00000, 0x000000077f300000, 0x00000007c0000000)
  eden space 194048K, 0% used [0x000000076eb00000,0x000000076eb00000,0x000000077a880000)
  from space 10240K, 99% used [0x000000077e900000,0x000000077f2f95e8,0x000000077f300000)
  to   space 10240K, 0% used [0x000000077df00000,0x000000077df00000,0x000000077e900000)
 ParOldGen       total 117248K, used 49131K [0x00000006cc000000, 0x00000006d3280000, 0x000000076eb00000)
  object space 117248K, 41% used [0x00000006cc000000,0x00000006ceffadb0,0x00000006d3280000)
 Metaspace       used 27430K, capacity 28034K, committed 28416K, reserved 1075200K
  class space    used 3248K, capacity 3460K, committed 3584K, reserved 1048576K
}
Event: 6.704 GC heap before
{Heap before GC invocations=6 (full 1):
 PSYoungGen      total 204288K, used 27565K [0x000000076eb00000, 0x000000077f300000, 0x00000007c0000000)
  eden space 194048K, 8% used [0x000000076eb00000,0x000000076fbf2068,0x000000077a880000)
  from space 10240K, 99% used [0x000000077e900000,0x000000077f2f95e8,0x000000077f300000)
  to   space 10240K, 0% used [0x000000077df00000,0x000000077df00000,0x000000077e900000)
 ParOldGen       total 117248K, used 49131K [0x00000006cc000000, 0x00000006d3280000, 0x000000076eb00000)
  object space 117248K, 41% used [0x00000006cc000000,0x00000006ceffadb0,0x00000006d3280000)
 Metaspace       used 27471K, capacity 28162K, committed 28416K, reserved 1075200K
  class space    used 3249K, capacity 3460K, committed 3584K, reserved 1048576K
Event: 6.723 GC heap after
Heap after GC invocations=6 (full 1):
 PSYoungGen      total 204288K, used 10238K [0x000000076eb00000, 0x000000077e980000, 0x00000007c0000000)
  eden space 194048K, 0% used [0x000000076eb00000,0x000000076eb00000,0x000000077a880000)
  from space 10240K, 99% used [0x000000077df00000,0x000000077e8ffb28,0x000000077e900000)
  to   space 512K, 0% used [0x000000077e900000,0x000000077e900000,0x000000077e980000)
 ParOldGen       total 117248K, used 63803K [0x00000006cc000000, 0x00000006d3280000, 0x000000076eb00000)
  object space 117248K, 54% used [0x00000006cc000000,0x00000006cfe4efa0,0x00000006d3280000)
 Metaspace       used 27471K, capacity 28162K, committed 28416K, reserved 1075200K
  class space    used 3249K, capacity 3460K, committed 3584K, reserved 1048576K
}
Event: 6.723 GC heap before
{Heap before GC invocations=7 (full 2):
 PSYoungGen      total 204288K, used 10238K [0x000000076eb00000, 0x000000077e980000, 0x00000007c0000000)
  eden space 194048K, 0% used [0x000000076eb00000,0x000000076eb00000,0x000000077a880000)
  from space 10240K, 99% used [0x000000077df00000,0x000000077e8ffb28,0x000000077e900000)
  to   space 512K, 0% used [0x000000077e900000,0x000000077e900000,0x000000077e980000)
 ParOldGen       total 117248K, used 63803K [0x00000006cc000000, 0x00000006d3280000, 0x000000076eb00000)
  object space 117248K, 54% used [0x00000006cc000000,0x00000006cfe4efa0,0x00000006d3280000)
 Metaspace       used 27471K, capacity 28162K, committed 28416K, reserved 1075200K
  class space    used 3249K, capacity 3460K, committed 3584K, reserved 1048576K

